|SourceProjectName:Portadores-Energéticos-SIG.hpr
|DestinationProjectName:index.htm
index_hha.hhk
index.hhc
index.hhk
Acción.htm
Actividad.htm
Cargo.htm
Cheque_FINCIMEX.htm
Consider_using_Snippets.htm
Crear_Rutas.htm
Crear_Tabla_de_Distancia.htm
Denominación_Vehículo.htm
Descripción_del_Trabajo_con_la_Aplicacion.htm
Destino.htm
Eliminar_Puntos.htm
Estado_Técnico.htm
Factor_conversión.htm
Familia_de_Productos.htm
Gestionar_Tabla_de_Distancia.htm
GISRoute.htm
How_Applications_connect_to_Help.htm
Insertar_Puntos.htm
Interfaz_Accidente.htm
Interfaz_Acta_de_Responsabilidad_Material.htm
Interfaz_Anexo_Único.htm
Interfaz_Anticipo.htm
Interfaz_Análisis_Equipo_a_Equipo.htm
Interfaz_Asignación.htm
Interfaz_Banco_Transformadores.htm
Interfaz_Caja.htm
Interfaz_CDA001.htm
Interfaz_CDA002.htm
Interfaz_Centro_de_costo.htm
Interfaz_Cierre_Mensual.htm
Interfaz_Cuenta_de_gasto.htm
Interfaz_Detalle_del_gasto.htm
Interfaz_Distribución.htm
Interfaz_Elemento_de_gasto.htm
Interfaz_Entrega_de_Chips.htm
Interfaz_Evento.htm
Interfaz_Grupo.htm
Interfaz_Hoja_de_Ruta.htm
Interfaz_Mantenimiento.htm
Interfaz_Modelo_5073.htm
Interfaz_Moneda.htm
Interfaz_Notificaciones.htm
Interfaz_Paralización.htm
Interfaz_Plan_Recape.htm
Interfaz_Planificación.htm
Interfaz_Recurso.htm
Interfaz_Responsabilidad_Acta_Material.htm
Interfaz_Servicentro.htm
Interfaz_Servicio.htm
Interfaz_Tarifa.htm
Interfaz_Tarjeta.htm
Interfaz_Tipo_Combustible.htm
Interfaz_Turno_de_Trabajo.htm
Interfaz_Usuario.htm
Marcas_y_Modelos.htm
Mostrar_Rutas.htm
Módulo_Recursos.htm
New_Topic.htm
Overview.htm
Persona.htm
Pie_de_Firma.htm
Pieza.htm
Portador.htm
Procedure\Starting_the_WidgetMax_application.htm
Proceso.htm
Proceso_SIG_Portadores_Energéticos.htm
Provincia_y_Municpio.htm
Prueba_Litro.htm
Screen_Level\The_WidgetMax_Information_Screen.htm
Screen_Level_Help.htm
Servicio_de_agua.htm
Subactividad.htm
Subsistema_Administración.htm
Subsistema_Mapa.htm
Subsistema_Portadores_Energéticos.htm
Tipo_de_Mantenimiento.htm
Trabajo_Proyecto.htm
UM_Nivel_de_Actividad.htm
Unidad.htm
Unidad_Medida.htm
Vehículo.htm
Windows_used.htm
Área.htm
template\Ocean\fonts\icomoon.eot
template\Ocean\fonts\icomoon.svg
template\Ocean\fonts\icomoon.ttf
template\Ocean\fonts\icomoon.woff
template\Ocean\dot.svg
template\Theme1_Standard_TOC_Only\jquery.js
template\Theme1_Standard_TOC_Only\jqueryui-custom.js
template\Theme1_Standard_TOC_Only\layout.js
template\Theme1_Standard_TOC_Only\overthrow.min.js
template\Theme1_Standard_TOC_Only\overthrow.sidescroller.min.js
template\Azure_Blue\usersettings.js
template\Ocean\usersettings.js
template\Charcoal_Grey\usersettings.js
template\Charcoal_Grey1\usersettings.js
index.glo
default.css
template\Azure_Blue\layout-rtl.css
template\Azure_Blue\layout.css
template\Theme1_Standard_TOC_Only\main.css
template\Theme1_Standard_TOC_Only\jqueryui-custom.css
template\Ocean\css\bootstrap.min.css
template\Ocean\css\main.css
template\Charcoal_Grey\layout-rtl.css
template\Charcoal_Grey\layout.css
template\Charcoal_Grey1\layout-rtl.css
template\Charcoal_Grey1\layout.css
CDA002.png
CDA001.png
adic_banco_trans.png
recarga_tarjeta.png
boton.png
elim_distribucion.png
paralizacion1.png
paralizacion.png
menu_prueba_litro.png
adic_anexo_unico.png
modif_asignacion.png
servicios.png
modif_cuenta_gasto.png
menu_cuenta_gasto.png
adic_centro_costo.png
adicionar_asignacion_comb.png
trabajosproyecto.png
modif_tipo_mant.png
eliminar_deno.vehiculo.png
areas.png
template\Charcoal_Grey1\next_active.png
template\Charcoal_Grey1\index_tab_active.png
template\Charcoal_Grey1\next_mobile.png
image6.gif
image5.gif
template\Charcoal_Grey\filter_mobile_applied.png
template\Charcoal_Grey\index_mobile.png
template\Charcoal_Grey\loading.gif
template\Charcoal_Grey\preview\filter.png
template\Charcoal_Grey\preview\glossary-desktop.png
template\Charcoal_Grey\preview\index-desktop.png
template\Ocean\adnxt.svg
template\Ocean\adpre.svg
template\Ocean\index.svg
template\Ocean\search-bg.jpg
template\Theme1_Standard_TOC_Only\BSNext.png
template\Theme1_Standard_TOC_Only\BSBack.png
template\Theme1_Standard_TOC_Only\Search.png
template\Theme1_Standard_TOC_Only\searchBack.png
template\Theme1_Standard_TOC_Only\TOCTreePage.png
template\Theme1_Standard_TOC_Only\TOCNodePage.png
template\Theme1_Standard_TOC_Only\switch.png
template\Theme1_Standard_TOC_Only\to_top.png
template\Azure_Blue\next_mobile_active.png
template\Azure_Blue\menu.png
template\Azure_Blue\preview\filter-mobile.png
template\Azure_Blue\preview\toc-mobile.png
menu_modelo_5073.png
banco_transformadores.png
elim_vehiculo.png
adic_vehiculo1.png
listado_bajas.png
menu_anexo_unico.png
menu_banco_trans.png
modif_elem_gasto.png
menu_tipo_combustible.png
adic_vehiculo.png
marcas_y_modelos.png
elimin_familia.png
menu_familia_productos.png
template\Charcoal_Grey1\remove.png
template\Charcoal_Grey1\toc_topic_mobile.png
template\Charcoal_Grey1\preview\sidebar-mobile.png
template\Charcoal_Grey\search_desktop_active.png
template\Charcoal_Grey\search_desktop_navigation.png
template\Charcoal_Grey\toc_tab.png
template\Theme1_Standard_TOC_Only\ui-bg_gloss-wave_55_5c9ccc_500x100.png
template\Theme1_Standard_TOC_Only\select_button.png
template\Theme1_Standard_TOC_Only\search_advanced_closed.png
template\Azure_Blue\previous.png
template\Azure_Blue\toc_book_closed_desktop.png
template\Azure_Blue\toc_topic_mobile.png
template\Azure_Blue\preview\layout-media-queries.png
menu_chips.png
menu_anticipo.png
tarjetas_cancela.png
menu_tarjeta.png
modif_hoja_ruta.png
exportar_accidentes.png
modif_servic.png
modif_chofer.png
elem_gasto.png
menu_elem_gasto.png
modif_tipo_comb.png
adic_tipo_comb.png
menu_pieza.png
modif_asig_comb.png
menu_tipo_mant..png
adic_destino.png
menu_persona.png
menu_cargo.png
menu_UM_nivel_activ.png
eliminar_pie_de_firma.png
pie_de_firmas.png
eliminar_prov.png
modificar_prov.png
port.png
login1.png
template\Charcoal_Grey1\filter_mobile.png
template\Charcoal_Grey1\search_mobile.png
template\Charcoal_Grey1\filter_nomark.png
template\Charcoal_Grey\social_close_ltr.png
template\Charcoal_Grey\toc_desktop.png
template\Charcoal_Grey\glossary_tab_active.png
template\Charcoal_Grey\back_to_topic.png
template\Charcoal_Grey\glossary_mobile_active.png
template\Charcoal_Grey\social_close_rtl.png
template\Charcoal_Grey\preview\social.png
template\Charcoal_Grey\preview\toc.png
template\Charcoal_Grey\preview\content.png
template\Ocean\filter.svg
template\Ocean\search.svg
template\Ocean\filter_mark.png
template\Theme1_Standard_TOC_Only\TOCTreeLinkHover.png
template\Theme1_Standard_TOC_Only\TOCTreePageHover.png
template\Theme1_Standard_TOC_Only\TOCTreeCloseBookSelected.png
template\Theme1_Standard_TOC_Only\TOCTreeCloseBook.png
template\Theme1_Standard_TOC_Only\TOCNodeCloseBook.png
template\Theme1_Standard_TOC_Only\icon_back_small.png
template\Theme1_Standard_TOC_Only\toc_hover_buttonbar_small.png
template\Theme1_Standard_TOC_Only\glo_buttonbar_hover.png
template\Theme1_Standard_TOC_Only\index_buttonbar_hover.png
template\Azure_Blue\next_active.png
template\Azure_Blue\next_mobile.png
template\Azure_Blue\filter_mobile.png
template\Azure_Blue\toc_book_open_drildown.png
template\Azure_Blue\preview\functionbar-tablet.png
exportar_analisis_equipo.png
elim_chip.png
adic_chip.png
historial_recarga.png
menu_recarga_transito.png
imprimir_cheques.png
menu_cheque_fincimex.png
cierre_memnsual.png
imprimir_analis_equipo.png
elim_ruta.png
adic_accidente.png
adic_plan_recape.png
elim_resp.png
elim_caja.png
adic_caja.png
elim_mant.png
elimi_centro_costo.png
adic_mant.png
destinos.png
UM_Nivel_actividad.png
portadores.png
adic.area.png
eliminar_munic.png
adic.prov.png
modificar_usuario.png
adicionar_usuario.png
opc_paginado.png
template\Charcoal_Grey1\toc_link_mobile_ltr.png
template\Charcoal_Grey1\previous_active.png
template\Charcoal_Grey1\glossary_tab.png
template\Charcoal_Grey1\next_tab_active.png
template\Charcoal_Grey1\previous_tab.png
template\Charcoal_Grey1\glossary_mobile.png
template\Charcoal_Grey1\toc_mobile.png
template\Charcoal_Grey1\next_mobile_active.png
template\Charcoal_Grey1\previous_mobile.png
template\Charcoal_Grey1\filter_clearall.png
template\Charcoal_Grey1\toc_book_closed_desktop_rtl.png
template\Charcoal_Grey1\toc_link_mobile_rtl.png
template\Charcoal_Grey1\preview\index-mobile.png
template\Charcoal_Grey1\preview\user-settings.png
índice.png
template\Charcoal_Grey\slider_rtl.png
template\Charcoal_Grey\index_tab_active.png
template\Charcoal_Grey\andsearch_mark.png
template\Charcoal_Grey\index_mobile_active.png
template\Charcoal_Grey\next_mobile.png
template\Charcoal_Grey\andsearch_nomark.png
template\Charcoal_Grey\toc_book_open_mobile.png
template\Charcoal_Grey\toc_topic_mobile.png
template\Charcoal_Grey\preview\functionbar-desktop.png
template\Theme1_Standard_TOC_Only\search_buttonbar_small.png
template\Theme1_Standard_TOC_Only\search_buttonbar_hover.png
template\Theme1_Standard_TOC_Only\preview\tocnode.png
template\Theme1_Standard_TOC_Only\preview\toctree.png
template\Theme1_Standard_TOC_Only\preview\search.png
template\Theme1_Standard_TOC_Only\preview\sidebar.png
template\Theme1_Standard_TOC_Only\preview\global.png
template\Theme1_Standard_TOC_Only\preview\header.png
template\Azure_Blue\previous_tab_active.png
template\Azure_Blue\glossary_mobile.png
template\Azure_Blue\search_mobile_navigation.png
mapa1.png
mapa.png
modif_chip.png
elim_anticipo.png
adic_anticipo.png
elim_persona.png
adic_persona.png
7.png
boton_2.png
adic_tarjeta.png
boton1.png
adic_rutas.png
imprimir_distrib.png
menu_mantenimiento.png
accidente.png
menu_asignacion.png
elim_turno.png
adic_turno.png
servicentro.png
modif_caja.png
elim_elem_gasto.png
modif_centro_costo.png
modif_moneda.png
adic_pieza.png
piezas.png
subactiv.png
adic_tipo_mant.png
adic_marca.png
adic_familia.png
adicionar_cargo.png
adicionar_subact.png
modif_area.png
adic.munic.png
eventos.png
template\Charcoal_Grey1\filter_mobile_active.png
template\Charcoal_Grey1\toc_mobile_active.png
template\Charcoal_Grey1\filter_nomark_radio.png
template\Charcoal_Grey1\preview\functionbar-mobile.png
template\Charcoal_Grey1\preview\functionbar-tablet.png
9.png
1.png
template\Charcoal_Grey\slider_ltr.png
template\Charcoal_Grey\search_mobile_active.png
template\Charcoal_Grey\back_mobile_filter.png
template\Charcoal_Grey\search_mobile_navigation.png
template\Charcoal_Grey\glossary_mobile.png
template\Charcoal_Grey\next_mobile_active.png
template\Charcoal_Grey\previous_mobile.png
template\Charcoal_Grey\filter_mark.png
template\Charcoal_Grey\filter_nomark.png
template\Charcoal_Grey\preview\filter-mobile.png
template\Ocean\filter_mark_radio.png
template\Ocean\preview\Media_Query.jpg
template\Theme1_Standard_TOC_Only\TOCTreeLink.png
template\Theme1_Standard_TOC_Only\TOCNodeLink.png
template\Azure_Blue\glossary_tab.png
cerrar_anticipo.png
adic_respons.png
modif_detalle_gasto.png
adi_elem_gasto.png
menu_centro_de_costo.png
estado_tecnico.png
menu_factor_conversion.png
usuarios.png
grupos.png
template\Charcoal_Grey1\print_desktop.png
template\Charcoal_Grey1\index_desktop.png
template\Charcoal_Grey1\index_tab.png
template\Charcoal_Grey1\filter_tab_active.png
template\Charcoal_Grey1\back_mobile_filter.png
template\Charcoal_Grey1\index_mobile.png
template\Charcoal_Grey1\filter_mark_radio.png
template\Charcoal_Grey1\toc_book_open_drildown.png
template\Charcoal_Grey1\preview\social.png
template\Charcoal_Grey1\preview\index-desktop.png
template\Charcoal_Grey1\preview\search.png
template\Charcoal_Grey\remove.png
template\Charcoal_Grey\filter_desktop.png
template\Charcoal_Grey\search_tab.png
template\Charcoal_Grey\filter_tab.png
template\Charcoal_Grey\filter_mobile.png
template\Charcoal_Grey\search_mobile.png
template\Charcoal_Grey\search_desktop.png
template\Charcoal_Grey\preview\toc-mobile.png
template\Ocean\printer.svg
template\Ocean\preview\social.jpg
template\Ocean\preview\Banner.jpg
template\Theme1_Standard_TOC_Only\TOCTreeOpenBookHover.png
template\Theme1_Standard_TOC_Only\ui-bg_glass_95_fef1ec_1x400.png
template\Theme1_Standard_TOC_Only\ui-bg_glass_75_d0e5f5_1x400.png
template\Theme1_Standard_TOC_Only\ui-bg_glass_85_dfeffc_1x400.png
template\Azure_Blue\toc_link_desktop_ltr.png
template\Azure_Blue\print_desktop.png
template\Azure_Blue\filter_desktop_applied.png
template\Azure_Blue\glossary_desktop.png
template\Azure_Blue\toc_book_open_mobile.png
template\Azure_Blue\toc_link_desktop_rtl.png
template\Azure_Blue\preview\social.png
template\Azure_Blue\preview\sidebar-desktop.png
template\Azure_Blue\preview\functionbar-mobile.png
guardar_cambio_5073.png
generar_CDA002.png
adic_activ_CDA001.png
generar_CDA001.png
menu_analisis_equipo_a_equipo.png
-52.png
elim_asignacion.png
adic_asignacion.png
menu_turno_trabajo.png
elimi_chofer.png
menu_detalle_gasto.png
elimi_tipo_comb.png
menu_vehiculo.png
eliminar_tipo_manten.png
eliminar_accion.png
eliminar_marca.png
modif_denom.vehiculo.png
eliminar_cargo.png
notificaciones.png
template\Charcoal_Grey1\slider_open_ltr.png
template\Charcoal_Grey1\social_close_ltr.png
template\Charcoal_Grey1\toc_book_closed_desktop_ltr.png
template\Charcoal_Grey1\slider_open_rtl.png
template\Charcoal_Grey1\search_desktop_navigation.png
template\Charcoal_Grey1\toc_tab.png
template\Charcoal_Grey1\social_close_rtl.png
template\Charcoal_Grey1\social_open.png
template\Charcoal_Grey1\idx_topic.png
template\Charcoal_Grey1\toc_topic_desktop.png
template\Charcoal_Grey1\preview\content.png
template\Charcoal_Grey1\preview\layout-media-queries.png
template\Charcoal_Grey\previous.png
template\Charcoal_Grey\toc_tab_active.png
template\Charcoal_Grey\next_tab.png
template\Charcoal_Grey\logo.png
template\Charcoal_Grey\preview\search-desktop.png
template\Theme1_Standard_TOC_Only\search_advanced_open.png
template\Azure_Blue\slider_open_ltr.png
template\Azure_Blue\search_desktop_navigation.png
template\Azure_Blue\index_mobile.png
template\Azure_Blue\toc_mobile.png
template\Azure_Blue\filter_mobile_applied.png
template\Azure_Blue\filter_mark_radio.png
template\Azure_Blue\toc_book_open_desktop.png
template\Azure_Blue\filter_clearall.png
template\Azure_Blue\preview\glossary.png
EXPORTAR_5073.png
elim_cheque.png
elim_hoja_ruta.png
aprobar_distrib.png
adic_hoja_ruta.png
exportar_paralizac.png
menu.png
planificacion1.png
planificacion.png
adic_servic.png
elim_moneda.png
adic_moneda.png
adic_chofer.png
eliminar_subact.png
menu_estado_tecnico.png
adic.modelo.png
adic_accion.png
adicionar_um_nivel_act..png
modif_portador.png
modif.unidad.png
adic_unidad.png
eliminir_grupo.png
template\Charcoal_Grey1\filter_mobile_applied.png
template\Charcoal_Grey1\preview\glossary-desktop.png
template\Charcoal_Grey\filter_mobile_active.png
template\Charcoal_Grey\preview\index-mobile.png
template\Ocean\logo.png
template\Theme1_Standard_TOC_Only\Print_hover.png
template\Theme1_Standard_TOC_Only\TOCTreeOpenBook.png
template\Theme1_Standard_TOC_Only\TOCNodeOpenBook.png
template\Azure_Blue\toc_link_mobile_ltr.png
template\Azure_Blue\index_desktop.png
template\Azure_Blue\previous_mobile_active.png
template\Azure_Blue\toc_link_mobile_rtl.png
template\Azure_Blue\toc_book_closed_mobile.png
template\Azure_Blue\preview\search.png
guardar_cambio_CDA002.png
liquidacion.png
modif_tarjeta.png
modif_cheque.png
imprimir_cierre_mensua.png
elim_conductor.png
adic_conductor.png
reiniciar_desglose.png
elimi_accidente.png
modif_accidente.png
menu_accidente.png
guardar_plan.png
menu_responsab.acta.png
menu_caja.png
eliminar_pieza.png
modif_subactiv.png
eliminar_activ.png
adic._estado_tec.png
adicionar_trabajo.png
adicionar_persona.png
eliminar_servicio_agua.png
servicio_agua.png
menu_servicio_agua.png
eliminar_unid_medida.png
unidad_de_medida.png
eliminar_area.png
menu_area.png
eliminar_notif.png
admi.png
template\Charcoal_Grey1\search_desktop_active.png
template\Charcoal_Grey1\search_tab.png
template\Charcoal_Grey1\filter_tab.png
template\Charcoal_Grey1\toc_tab_active.png
template\Charcoal_Grey1\filter_mark.png
template\Charcoal_Grey1\toc_book_open_mobile.png
template\Charcoal_Grey1\preview\toc-mobile.png
template\Charcoal_Grey1\preview\sidebar-desktop.png
template\Charcoal_Grey\toc_link_desktop_ltr.png
template\Charcoal_Grey\next_active.png
template\Charcoal_Grey\next.png
template\Charcoal_Grey\previous_active.png
template\Charcoal_Grey\next_tab_active.png
template\Charcoal_Grey\toc_link_desktop_rtl.png
template\Theme1_Standard_TOC_Only\TOCTreeCloseBookHover.png
template\Theme1_Standard_TOC_Only\BSNext_hover.png
template\Theme1_Standard_TOC_Only\BSBack_hover.png
template\Theme1_Standard_TOC_Only\animated-overlay.gif
template\Theme1_Standard_TOC_Only\search_hover_buttonbar_small.png
template\Theme1_Standard_TOC_Only\index_hover_buttonbar_small.png
template\Azure_Blue\slider_ltr.png
template\Azure_Blue\slider_rtl.png
template\Azure_Blue\search_desktop_active.png
template\Azure_Blue\filter_desktop.png
template\Azure_Blue\search_tab.png
template\Azure_Blue\filter_tab_applied.png
template\Azure_Blue\filter_mark.png
template\Azure_Blue\preview\user-settings.png
generar_5073.png
modif_banco_trans.png
corregir_tarjeta.png
boton_cerrar.png
tarjetas.png
depositar_cheque.png
modif_mantenimiento.png
menu_cierre_mensual.png
adic_prueba_litro.png
elim_plan_recape.png
MODIF_ANEXO_UNICO.png
anexos_unico.png
adic_cuenta_gasto.png
cuenta_gasto.png
detalle_del_gasto.png
centro_costo.png
eliminar_vehiculo.png
modif_vehiculo.png
eliminar_trabajo.png
eliminar_persona.png
personas.png
eliminar_modelo.png
menu_trabajo.png
eliminar_destino.png
menu_destino.png
adic_actividad.png
menu_portador.png
unidad_medida.png
template\Charcoal_Grey1\top.png
template\Charcoal_Grey1\next.png
template\Charcoal_Grey1\search_mobile_navigation_active.png
template\Charcoal_Grey1\glossary_mobile_active.png
template\Charcoal_Grey1\logo.png
template\Charcoal_Grey1\preview\filter.png
template\Charcoal_Grey\filter_tab_active.png
template\Charcoal_Grey\filter_mark_radio.png
template\Charcoal_Grey\preview\user-settings.png
template\Ocean\filter_nomark.png
template\Theme1_Standard_TOC_Only\topic_right.png
template\Theme1_Standard_TOC_Only\ui-icons_cd0a0a_256x240.png
template\Theme1_Standard_TOC_Only\ui-icons_2e83ff_256x240.png
template\Theme1_Standard_TOC_Only\ui-icons_f9bd01_256x240.png
template\Theme1_Standard_TOC_Only\ui-icons_217bc0_256x240.png
template\Theme1_Standard_TOC_Only\ui-icons_6da8d5_256x240.png
template\Theme1_Standard_TOC_Only\ui-icons_d8e7f3_256x240.png
template\Theme1_Standard_TOC_Only\ui-icons_469bdd_256x240.png
template\Theme1_Standard_TOC_Only\close_sidebar.png
template\Theme1_Standard_TOC_Only\preview\functionbar.png
template\Azure_Blue\remove.png
template\Azure_Blue\filter_tab.png
template\Azure_Blue\next_tab_active.png
template\Azure_Blue\social_open.png
template\Azure_Blue\andsearch_mark.png
template\Azure_Blue\logo.png
template\Azure_Blue\search_desktop.png
template\Azure_Blue\preview\filter.png
template\Azure_Blue\preview\content.png
template\Azure_Blue\preview\header.png
MODELO_5073.png
menu_paralizacion.png
menu_distribucion.png
modif_turno.png
moneda.png
modif_pieza.png
modif_trabajo.png
modif_activ.png
actividades.png
eliminar_est_tec.png
modif_estado_tec.png
modif_marca.png
familia_prod.png
modif.cargo.png
unidades.png
modif.munic.png
eliminar_usuario.png
portada_portadores.png
template\Charcoal_Grey1\slider_ltr.png
template\Charcoal_Grey1\slider_rtl.png
template\Charcoal_Grey1\toc_desktop.png
template\Charcoal_Grey1\previous_tab_active.png
template\Charcoal_Grey1\back_to_topic.png
template\Charcoal_Grey1\toc_book_open_desktop.png
template\Charcoal_Grey1\loading.gif
template\Charcoal_Grey1\preview\toc.png
template\Charcoal_Grey\glossary_tab.png
template\Charcoal_Grey\search_tab_active.png
template\Charcoal_Grey\previous_tab.png
template\Charcoal_Grey\previous_mobile_active.png
template\Charcoal_Grey\toc_book_open_desktop.png
template\Charcoal_Grey\preview\glossary-mobile.png
template\Ocean\preview\Filter_Settings.jpg
template\Ocean\preview\Basic_Settings.jpg
template\Theme1_Standard_TOC_Only\preview\mobile_navigation.png
template\Theme1_Standard_TOC_Only\preview\specialpage.png
template\Azure_Blue\back_mobile_ltr.png
template\Azure_Blue\social_close_ltr.png
template\Azure_Blue\social_close_rtl.png
template\Azure_Blue\preview\toc-desktop.png
template\Azure_Blue\preview\search-mobile.png
10.png
menu_recarga_caja.png
saldo_dispon.png
cheque_fincimex.png
menu_servicio.png
elim_servicentro.png
cajas.png
tipo_mantenimiento.png
factor_conversion.png
adic_unidad_medida.png
adic_pie_de_firma.png
12.png
recursos.png
template\Charcoal_Grey1\toc_link_desktop_ltr.png
template\Charcoal_Grey1\glossary_desktop.png
template\Charcoal_Grey1\search_tab_active.png
template\Charcoal_Grey1\index_mobile_active.png
18.png
11.png
-9.png
-8.png
template\Charcoal_Grey\glossary_desktop.png
template\Charcoal_Grey\toc_book_open_drildown.png
template\Theme1_Standard_TOC_Only\search_buttonbar.png
template\Azure_Blue\search_topic_desktop.png
template\Azure_Blue\slider_open_rtl.png
template\Azure_Blue\search_mobile_active.png
template\Azure_Blue\back_mobile_rtl.png
template\Azure_Blue\preview\sidebar-mobile.png
menu_CDA002.png
menu_CDA001.png
adic_acta_responsabili.png
chips.png
cancela_tarjeta.png
actualizar_desglose.png
desaprobar_distrib.png
imprimir_cdt.png
modif_prueba_litro.png
menu_planificacion.png
menu_tarifa.png
respons_acta_mat.png
mant_chofer.png
menu_moneda.png
menu_marcas.png
menu_accion.png
menu_subact.png
menu_unidad.png
adicionar_usuario1.png
portada_admin.png
template\Charcoal_Grey1\filter_desktop.png
template\Charcoal_Grey1\search_desktop.png
template\Charcoal_Grey1\preview\sidebar-tablet.png
template\Charcoal_Grey1\preview\mobile_header.png
template\Charcoal_Grey\slider_open_ltr.png
template\Charcoal_Grey\toc_book_closed_desktop_ltr.png
template\Charcoal_Grey\slider_open_rtl.png
template\Charcoal_Grey\filter_tab_applied.png
template\Charcoal_Grey\previous_tab_active.png
template\Charcoal_Grey\toc_mobile.png
template\Charcoal_Grey\social_open.png
template\Charcoal_Grey\filter_clearall.png
template\Charcoal_Grey\toc_book_closed_desktop_rtl.png
template\Charcoal_Grey\preview\search.png
template\Charcoal_Grey\preview\header.png
template\Ocean\preview\Header.jpg
template\Theme1_Standard_TOC_Only\TOCTreeOpenBookSelected.png
template\Theme1_Standard_TOC_Only\toc.png
template\Theme1_Standard_TOC_Only\Print.png
template\Theme1_Standard_TOC_Only\home.png
template\Theme1_Standard_TOC_Only\logo.png
template\Theme1_Standard_TOC_Only\open_sidebar.png
template\Theme1_Standard_TOC_Only\topic.png
template\Azure_Blue\top.png
template\Azure_Blue\toc_tab.png
template\Azure_Blue\filter_nomark_radio.png
template\Azure_Blue\filter_nomark.png
template\Azure_Blue\idx_topic.png
guardar_cambio2.png
guardar_cambio1.png
modif_anticipo.png
menu_acta_respon.png
distribucion.png
hojas_de_ruta.png
elim_mantenim.png
analisis_equipo_a_equipo.png
adic_mantenim.png
modif_paraliz.png
menu_plan_recape.png
modif_distrib.png
adic_servicio.png
menu_servicentro.png
elim_detalle_gasto.png
modif_familia.png
boton_limpiar.png
modif._pie_de_firma.png
login_portadores.png
eliminar_unidad.png
cambiar_contraseña.png
template\Charcoal_Grey1\filter_desktop_applied.png
template\Charcoal_Grey1\glossary_tab_active.png
template\Charcoal_Grey1\filter_mobile_applied_active.png
template\Charcoal_Grey1\andsearch_nomark.png
template\Charcoal_Grey1\preview\filter-mobile.png
template\Charcoal_Grey\toc_book_closed_mobile_ltr.png
template\Charcoal_Grey\toc_book_closed_mobile_rtl.png
template\Theme1_Standard_TOC_Only\toc_hover.png
template\Theme1_Standard_TOC_Only\topic_left.png
template\Theme1_Standard_TOC_Only\searchNext.png
template\Theme1_Standard_TOC_Only\glo_buttonbar_small.png
template\Theme1_Standard_TOC_Only\glo_buttonbar.png
template\Theme1_Standard_TOC_Only\toc_buttonbar.png
template\Azure_Blue\previous_active.png
template\Azure_Blue\previous_mobile.png
template\Azure_Blue\preview\index.png
template\Azure_Blue\preview\sidebar-tablet.png
menu_recarga_recargada.png
prueba_litro.png
plane_recape.png
modif_respons.png
eliminar_cuenta_gasto.png
adic_detalle_gasto.png
modif_manten.png
modif_accion.png
modif_persona.png
adic.denom.vehiculo.png
modif_destino.png
modif_servicio_agua.png
adicionar_servicio_agua.png
menu_actividad.png
gestion_prov.mun.png
adicionar_notificacion.png
template\Charcoal_Grey1\toc_book_closed_mobile_ltr.png
template\Charcoal_Grey1\previous.png
template\Charcoal_Grey1\next_tab.png
template\Charcoal_Grey1\search_mobile_active.png
template\Charcoal_Grey1\search_mobile_navigation.png
template\Charcoal_Grey1\previous_mobile_active.png
template\Charcoal_Grey1\toc_link_desktop_rtl.png
template\Charcoal_Grey1\toc_book_closed_mobile_rtl.png
template\Charcoal_Grey\toc_link_mobile_ltr.png
template\Charcoal_Grey\filter_desktop_applied.png
template\Charcoal_Grey\index_tab.png
template\Charcoal_Grey\search_mobile_navigation_active.png
template\Charcoal_Grey\filter_mobile_applied_active.png
template\Charcoal_Grey\toc_mobile_active.png
template\Charcoal_Grey\idx_topic.png
template\Charcoal_Grey\toc_topic_desktop.png
template\Charcoal_Grey\preview\sidebar-mobile.png
template\Charcoal_Grey\preview\sidebar-tablet.png
template\Ocean\glossary.svg
template\Ocean\filter_nomark_radio.png
template\Theme1_Standard_TOC_Only\TOCTreeLinkSelected.png
template\Theme1_Standard_TOC_Only\TOCTreePageSelected.png
template\Theme1_Standard_TOC_Only\TOCNodeUpSmall.png
template\Theme1_Standard_TOC_Only\TOCNodeUp.png
template\Theme1_Standard_TOC_Only\index_buttonbar.png
anticipo.png
mantenimiento.png
elim_paraliz.png
adic_paraliza.png
elim_prueba_litro.png
modif_plan_recape.png
turnos.png
accion.png
modif_modelo.png
menu_den_vehiculo.png
cargos.png
eliminar_portador.png
adicionar_portador.png
modif.unid_medida.png
menu_pie_de_firma.png
modificar_notif.png
template\Charcoal_Grey1\preview\search-desktop.png
template\Charcoal_Grey1\preview\functionbar-desktop.png
template\Charcoal_Grey\print_desktop.png
template\Charcoal_Grey\index_desktop.png
template\Charcoal_Grey\filter_nomark_radio.png
template\Charcoal_Grey\toc_link_mobile_rtl.png
template\Charcoal_Grey\preview\functionbar-mobile.png
template\Charcoal_Grey\preview\functionbar-tablet.png
template\Theme1_Standard_TOC_Only\home_hover.png
template\Theme1_Standard_TOC_Only\ui-bg_inset-hard_100_f5f8f9_1x100.png
template\Theme1_Standard_TOC_Only\ui-bg_inset-hard_100_fcfdfd_1x100.png
template\Theme1_Standard_TOC_Only\index_buttonbar_small.png
template\Azure_Blue\toc_desktop.png
template\Azure_Blue\search_mobile.png
template\Azure_Blue\loading.gif
template\Azure_Blue\preview\functionbar-desktop.png
EXPORTAR_CDA002.png
imprimir_CDA002.png
exportar_CDA001.png
elim_banco_trans.png
menu_hoja_ruta.png
elim_anexo_unico.png
adic_distribucion.png
tipo_combu.png
vehiculo.png
eliminar_asig_comb.png
denom.vehiculos.png
eliminar_UM_nivel_act.png
modificar_UM_nivel_act..png
menu_prov.mun.png
seleccion_periodo.png
template\Charcoal_Grey1\filter_tab_applied.png
template\Charcoal_Grey1\filter_tab_applied_active.png
template\Charcoal_Grey1\andsearch_mark.png
template\Charcoal_Grey1\preview\glossary-mobile.png
template\Charcoal_Grey1\preview\header.png
template\Charcoal_Grey\top.png
template\Charcoal_Grey\filter_tab_applied_active.png
template\Charcoal_Grey\preview\sidebar-desktop.png
template\Charcoal_Grey\preview\mobile_header.png
template\Charcoal_Grey\preview\layout-media-queries.png
template\Theme1_Standard_TOC_Only\ui-bg_flat_55_fbec88_40x100.png
template\Theme1_Standard_TOC_Only\ui-bg_flat_0_aaaaaa_40x100.png
template\Theme1_Standard_TOC_Only\glo_hover_buttonbar_small.png
template\Theme1_Standard_TOC_Only\toc_buttonbar_small.png
template\Theme1_Standard_TOC_Only\toc_buttonbar_hover.png
template\Azure_Blue\next.png
template\Azure_Blue\index_tab.png
template\Azure_Blue\next_tab.png
template\Azure_Blue\previous_tab.png
template\Azure_Blue\andsearch_nomark.png
template\Azure_Blue\back_mobile_filter.png
template\Azure_Blue\toc_topic_desktop.png
index.ppf
ehlpdhtm.js
RoboHHRE.lng
SearchOptions.xml
whxdata\toc1.js
whxdata\toc1.new.js
whxdata\toc3.js
whxdata\toc3.new.js
whxdata\toc4.js
whxdata\toc4.new.js
whxdata\toc5.js
whxdata\toc5.new.js
whxdata\toc6.js
whxdata\toc6.new.js
whxdata\toc7.js
whxdata\toc7.new.js
whxdata\toc2.js
whxdata\toc2.new.js
whxdata\toc10.js
whxdata\toc10.new.js
whxdata\toc11.js
whxdata\toc11.new.js
whxdata\toc12.js
whxdata\toc12.new.js
whxdata\toc13.js
whxdata\toc13.new.js
whxdata\toc14.js
whxdata\toc14.new.js
whxdata\toc9.js
whxdata\toc9.new.js
whxdata\toc16.js
whxdata\toc16.new.js
whxdata\toc15.js
whxdata\toc15.new.js
whxdata\toc18.js
whxdata\toc18.new.js
whxdata\toc17.js
whxdata\toc17.new.js
whxdata\toc19.js
whxdata\toc19.new.js
whxdata\toc21.js
whxdata\toc21.new.js
whxdata\toc20.js
whxdata\toc20.new.js
whxdata\toc8.js
whxdata\toc8.new.js
whxdata\toc23.js
whxdata\toc23.new.js
whxdata\toc24.js
whxdata\toc24.new.js
whxdata\toc25.js
whxdata\toc25.new.js
whxdata\toc22.js
whxdata\toc22.new.js
whxdata\toc.js
whxdata\toc.new.js
whxdata\idx.js
whxdata\idx.new.js
whxdata\gdata1.js
whxdata\gdata1.new.js
whxdata\glo.js
whxdata\glo.new.js
whxdata\package_0_xml.js
whxdata\package_1_xml.js
whxdata\package_2_xml.js
whxdata\package_3_xml.js
whxdata\package_4_xml.js
whxdata\package_5_xml.js
whxdata\package_6_xml.js
whxdata\package_7_xml.js
whxdata\package_8_xml.js
whxdata\package_9_xml.js
whxdata\package_10_xml.js
whxdata\package_11_xml.js
whxdata\package_12_xml.js
whxdata\package_13_xml.js
whxdata\package_14_xml.js
whxdata\package_15_xml.js
whxdata\package_16_xml.js
whxdata\package_17_xml.js
whxdata\package_18_xml.js
whxdata\package_19_xml.js
whxdata\package_20_xml.js
whxdata\package_21_xml.js
whxdata\package_22_xml.js
whxdata\packageindex_xml.js
whxdata\synonym.xml
whxdata\synonym_xml.js
whxdata\topictable_0_xml.js
whxdata\topictable_1_xml.js
whxdata\topictableindex_xml.js
whxdata\whfts.xml
whxdata\whfts_xml.js
whxdata\csh.js
whxdata\window.js
projectdata.js
